"../../../Engine/Content/EditorResources/S_Actor.ubulk" 0
"../../../Engine/Content/EditorResources/S_Actor.uasset" 1
"../../../Engine/Content/EditorResources/S_Actor.uexp" 2
"../../../Engine/Content/EditorResources/S_BoxReflectionCapture.uasset" 3
"../../../Engine/Content/EditorResources/S_BoxReflectionCapture.uexp" 4
"../../../Engine/Content/EngineResources/DefaultTexture.ubulk" 5
"../../../Engine/Content/EngineResources/DefaultTexture.uasset" 6
"../../../Engine/Content/EngineResources/DefaultTexture.uexp" 7
"../../../Engine/Content/EngineResources/DefaultTextureCube.uasset" 8
"../../../Engine/Content/EngineResources/DefaultTextureCube.uexp" 9
"../../../Engine/Content/EngineResources/DefaultVolumeTexture2D.uasset" 10
"../../../Engine/Content/EngineResources/DefaultVolumeTexture2D.uexp" 11
"../../../Engine/Content/EngineResources/DefaultVolumeTexture.uasset" 12
"../../../Engine/Content/EngineResources/DefaultVolumeTexture.uexp" 13
"../../../Engine/Content/EditorResources/S_Trigger.ubulk" 14
"../../../Engine/Content/EditorResources/S_Trigger.uasset" 15
"../../../Engine/Content/EditorResources/S_Trigger.uexp" 16
"../../../Engine/Content/EditorResources/S_TriggerBox.uasset" 17
"../../../Engine/Content/EditorResources/S_TriggerBox.uexp" 18
"../../../Engine/Content/EditorResources/S_TriggerCapsule.uasset" 19
"../../../Engine/Content/EditorResources/S_TriggerCapsule.uexp" 20
"../../../Engine/Content/EditorResources/S_TriggerSphere.uasset" 21
"../../../Engine/Content/EditorResources/S_TriggerSphere.uexp" 22
"../../../Engine/Content/EngineMeshes/Sphere.ubulk" 23
"../../../Engine/Content/EngineMeshes/Sphere.uasset" 24
"../../../Engine/Content/EngineMeshes/Sphere.uexp" 25
"../../../Engine/Content/EngineResources/GradientTexture0.uasset" 26
"../../../Engine/Content/EngineResources/GradientTexture0.uexp" 27
"../../../Engine/Content/EngineResources/Black.uasset" 28
"../../../Engine/Content/EngineResources/Black.uexp" 29
"../../../Engine/Content/VREditor/LaserPointer/VR_LaserPower_01.ubulk" 30
"../../../Engine/Content/VREditor/LaserPointer/VR_LaserPower_01.uasset" 31
"../../../Engine/Content/VREditor/LaserPointer/VR_LaserPower_01.uexp" 32
"../../../Engine/Content/VREditor/TransformGizmo/TransformGizmoMaterial.uasset" 33
"../../../Engine/Content/VREditor/TransformGizmo/TransformGizmoMaterial.uexp" 34
"../../../Engine/Content/VREditor/TransformGizmo/TranslucentTransformGizmoMaterial.uasset" 35
"../../../Engine/Content/VREditor/TransformGizmo/TranslucentTransformGizmoMaterial.uexp" 36
"../../../Engine/Content/VREditor/TransformGizmo/PlaneTranslationHandle.ubulk" 37
"../../../Engine/Content/VREditor/TransformGizmo/PlaneTranslationHandle.uasset" 38
"../../../Engine/Content/VREditor/TransformGizmo/PlaneTranslationHandle.uexp" 39
"../../../Engine/Content/VREditor/TransformGizmo/BoundingBoxCorner.ubulk" 40
"../../../Engine/Content/VREditor/TransformGizmo/BoundingBoxCorner.uasset" 41
"../../../Engine/Content/VREditor/TransformGizmo/BoundingBoxCorner.uexp" 42
"../../../Engine/Content/VREditor/TransformGizmo/BoundingBoxEdge.ubulk" 43
"../../../Engine/Content/VREditor/TransformGizmo/BoundingBoxEdge.uasset" 44
"../../../Engine/Content/VREditor/TransformGizmo/BoundingBoxEdge.uexp" 45
"../../../Engine/Content/VREditor/TransformGizmo/Main.uasset" 46
"../../../Engine/Content/VREditor/TransformGizmo/Main.uexp" 47
"../../../Engine/Content/VREditor/TransformGizmo/Xray.uasset" 48
"../../../Engine/Content/VREditor/TransformGizmo/Xray.uexp" 49
"../../../Engine/Content/VREditor/TransformGizmo/SM_Sequencer_Node.ubulk" 50
"../../../Engine/Content/VREditor/TransformGizmo/SM_Sequencer_Node.uasset" 51
"../../../Engine/Content/VREditor/TransformGizmo/SM_Sequencer_Node.uexp" 52
"../../../Engine/Content/EditorMaterials/Camera/CineMat.uasset" 53
"../../../Engine/Content/EditorMaterials/Camera/CineMat.uexp" 54
"../../../Engine/Content/EditorMaterials/Camera/MI_CineMat_Rig.uasset" 55
"../../../Engine/Content/EditorMaterials/Camera/MI_CineMat_Rig.uexp" 56
"../../../Engine/Content/EditorMeshes/Camera/SM_CraneRig_Base.ubulk" 57
"../../../Engine/Content/EditorMeshes/Camera/SM_CraneRig_Base.uasset" 58
"../../../Engine/Content/EditorMeshes/Camera/SM_CraneRig_Base.uexp" 59
"../../../Engine/Content/EditorMeshes/Camera/SM_CraneRig_Arm.ubulk" 60
"../../../Engine/Content/EditorMeshes/Camera/SM_CraneRig_Arm.uasset" 61
"../../../Engine/Content/EditorMeshes/Camera/SM_CraneRig_Arm.uexp" 62
"../../../Engine/Content/EditorMeshes/Camera/SM_CraneRig_Mount.ubulk" 63
"../../../Engine/Content/EditorMeshes/Camera/SM_CraneRig_Mount.uasset" 64
"../../../Engine/Content/EditorMeshes/Camera/SM_CraneRig_Mount.uexp" 65
"../../../Engine/Content/EditorMeshes/Camera/SM_CraneRig_Body.ubulk" 66
"../../../Engine/Content/EditorMeshes/Camera/SM_CraneRig_Body.uasset" 67
"../../../Engine/Content/EditorMeshes/Camera/SM_CraneRig_Body.uexp" 68
"../../../Engine/Content/EditorMeshes/Camera/SM_RailRig_Track.ubulk" 69
"../../../Engine/Content/EditorMeshes/Camera/SM_RailRig_Track.uasset" 70
"../../../Engine/Content/EditorMeshes/Camera/SM_RailRig_Track.uexp" 71
"../../../Engine/Content/EditorMeshes/Camera/SM_RailRig_Mount.ubulk" 72
"../../../Engine/Content/EditorMeshes/Camera/SM_RailRig_Mount.uasset" 73
"../../../Engine/Content/EditorMeshes/Camera/SM_RailRig_Mount.uexp" 74
"../../../Engine/Content/EngineMaterials/T_Default_Material_Grid_M.ubulk" 75
"../../../Engine/Content/EngineMaterials/T_Default_Material_Grid_M.uasset" 76
"../../../Engine/Content/EngineMaterials/T_Default_Material_Grid_M.uexp" 77
"../../../Engine/Content/EngineMaterials/T_Default_Material_Grid_N.ubulk" 78
"../../../Engine/Content/EngineMaterials/T_Default_Material_Grid_N.uasset" 79
"../../../Engine/Content/EngineMaterials/T_Default_Material_Grid_N.uexp" 80
"../../../Engine/Content/Functions/Engine_MaterialFunctions01/Opacity/CameraDepthFade.uasset" 81
"../../../Engine/Content/Functions/Engine_MaterialFunctions01/Opacity/CameraDepthFade.uexp" 82
"../../../Engine/Content/EngineMaterials/WorldGridMaterial.uasset" 83
"../../../Engine/Content/EngineMaterials/WorldGridMaterial.uexp" 84
"../../../Engine/Content/ArtTools/RenderToTexture/Meshes/S_1_Unit_Plane.ubulk" 85
"../../../Engine/Content/ArtTools/RenderToTexture/Meshes/S_1_Unit_Plane.uasset" 86
"../../../Engine/Content/ArtTools/RenderToTexture/Meshes/S_1_Unit_Plane.uexp" 87
"../../../Engine/Content/EditorMaterials/ParticleSystems/PSysThumbnail_NoImage.ubulk" 88
"../../../Engine/Content/EditorMaterials/ParticleSystems/PSysThumbnail_NoImage.uasset" 89
"../../../Engine/Content/EditorMaterials/ParticleSystems/PSysThumbnail_NoImage.uexp" 90
"../../../Engine/Content/EditorMaterials/ParticleSystems/PSysThumbnail_OOD.ubulk" 91
"../../../Engine/Content/EditorMaterials/ParticleSystems/PSysThumbnail_OOD.uasset" 92
"../../../Engine/Content/EditorMaterials/ParticleSystems/PSysThumbnail_OOD.uexp" 93
"../../../Engine/Content/EditorLandscapeResources/SplineEditorMeshMat.uasset" 94
"../../../Engine/Content/EditorLandscapeResources/SplineEditorMeshMat.uexp" 95
"../../../Engine/Content/EditorLandscapeResources/SplineEditorMesh.ubulk" 96
"../../../Engine/Content/EditorLandscapeResources/SplineEditorMesh.uasset" 97
"../../../Engine/Content/EditorLandscapeResources/SplineEditorMesh.uexp" 98
"../../../Engine/Content/EditorResources/S_Solver.ubulk" 99
"../../../Engine/Content/EditorResources/S_Solver.uasset" 100
"../../../Engine/Content/EditorResources/S_Solver.uexp" 101
"../../../Engine/Plugins/Media/MediaPlate/Content/SM_MediaPlateScreen.ubulk" 102
"../../../Engine/Plugins/Media/MediaPlate/Content/SM_MediaPlateScreen.uasset" 103
"../../../Engine/Plugins/Media/MediaPlate/Content/SM_MediaPlateScreen.uexp" 104
"../../../Engine/Content/EngineMaterials/Good64x64TilingNoiseHighFreq.uasset" 105
"../../../Engine/Content/EngineMaterials/Good64x64TilingNoiseHighFreq.uexp" 106
"../../../Engine/Content/EngineMaterials/DefaultBokeh.uasset" 107
"../../../Engine/Content/EngineMaterials/DefaultBokeh.uexp" 108
"../../../Engine/Content/EngineMaterials/PreintegratedSkinBRDF.uasset" 109
"../../../Engine/Content/EngineMaterials/PreintegratedSkinBRDF.uexp" 110
"../../../Engine/Content/EngineMaterials/MiniFont.uasset" 111
"../../../Engine/Content/EngineMaterials/MiniFont.uexp" 112
"../../../Engine/Content/EngineMaterials/WeightMapPlaceholderTexture.uasset" 113
"../../../Engine/Content/EngineMaterials/WeightMapPlaceholderTexture.uexp" 114
"../../../Engine/Content/EngineMaterials/DefaultWhiteGrid.ubulk" 115
"../../../Engine/Content/EngineMaterials/DefaultWhiteGrid.uasset" 116
"../../../Engine/Content/EngineMaterials/DefaultWhiteGrid.uexp" 117
"../../../Engine/Content/Animation/DefaultRecorderBoneCompression.uasset" 118
"../../../Engine/Content/Animation/DefaultRecorderBoneCompression.uexp" 119
"../../../Engine/Content/Animation/DefaultAnimCurveCompressionSettings.uasset" 120
"../../../Engine/Content/Animation/DefaultAnimCurveCompressionSettings.uexp" 121
"../../../Engine/Content/Animation/DefaultAnimBoneCompressionSettings.uasset" 122
"../../../Engine/Content/Animation/DefaultAnimBoneCompressionSettings.uexp" 123
"../../../Engine/Content/EngineMaterials/DefaultMaterial.uasset" 124
"../../../Engine/Content/EngineMaterials/DefaultMaterial.uexp" 125
"../../../Engine/Content/BasicShapes/Sphere.ubulk" 126
"../../../Engine/Content/BasicShapes/Sphere.uasset" 127
"../../../Engine/Content/BasicShapes/Sphere.uexp" 128
"../../../Engine/Content/BasicShapes/Plane.ubulk" 129
"../../../Engine/Content/BasicShapes/Plane.uasset" 130
"../../../Engine/Content/BasicShapes/Plane.uexp" 131
"../../../Engine/Content/BasicShapes/Cylinder.ubulk" 132
"../../../Engine/Content/BasicShapes/Cylinder.uasset" 133
"../../../Engine/Content/BasicShapes/Cylinder.uexp" 134
"../../../Engine/Content/BasicShapes/Cone.ubulk" 135
"../../../Engine/Content/BasicShapes/Cone.uasset" 136
"../../../Engine/Content/BasicShapes/Cone.uexp" 137
"../../../Engine/Content/EditorLandscapeResources/DefaultAlphaTexture.uasset" 138
"../../../Engine/Content/EditorLandscapeResources/DefaultAlphaTexture.uexp" 139
"../../../Engine/Content/EditorLandscapeResources/DataLayer.uasset" 140
"../../../Engine/Content/EditorLandscapeResources/DataLayer.uexp" 141
"../../../Engine/Content/EditorMaterials/PreviewShadowIndicator.ubulk" 142
"../../../Engine/Content/EditorMaterials/PreviewShadowIndicator.uasset" 143
"../../../Engine/Content/EditorMaterials/PreviewShadowIndicator.uexp" 144
"../../../Engine/Content/EditorMaterials/PreviewShadowIndicatorMaterial.uasset" 145
"../../../Engine/Content/EditorMaterials/PreviewShadowIndicatorMaterial.uexp" 146
"../../../Engine/Content/EditorMaterials/PhAT_UnselectedMaterial.uasset" 147
"../../../Engine/Content/EditorMaterials/PhAT_UnselectedMaterial.uexp" 148
"../../../Engine/Content/EditorMaterials/PhAT_NoCollisionMaterial.uasset" 149
"../../../Engine/Content/EditorMaterials/PhAT_NoCollisionMaterial.uexp" 150
"../../../Engine/Content/Functions/Engine_MaterialFunctions02/Utility/MakeFloat4.uasset" 151
"../../../Engine/Content/Functions/Engine_MaterialFunctions02/Utility/MakeFloat4.uexp" 152
"../../../Engine/Content/Functions/Engine_MaterialFunctions02/Utility/MakeFloat3.uasset" 153
"../../../Engine/Content/Functions/Engine_MaterialFunctions02/Utility/MakeFloat3.uexp" 154
"../../../Engine/Content/Functions/Engine_MaterialFunctions02/Utility/BreakOutFloat3Components.uasset" 155
"../../../Engine/Content/Functions/Engine_MaterialFunctions02/Utility/BreakOutFloat3Components.uexp" 156
"../../../Engine/Content/EditorMaterials/WorldPartition/WorldPartitionSpatialHashGridPreviewMaterial.uasset" 157
"../../../Engine/Content/EditorMaterials/WorldPartition/WorldPartitionSpatialHashGridPreviewMaterial.uexp" 158
"../../../Engine/Content/EditorResources/S_Terrain.ubulk" 159
"../../../Engine/Content/EditorResources/S_Terrain.uasset" 160
"../../../Engine/Content/EditorResources/S_Terrain.uexp" 161
"../../../Engine/Content/EditorResources/EmptyActor.uasset" 162
"../../../Engine/Content/EditorResources/EmptyActor.uexp" 163
"../../../Engine/Content/EditorResources/BSPVertex.uasset" 164
"../../../Engine/Content/EditorResources/BSPVertex.uexp" 165
"../../../Engine/Content/EditorResources/SequenceRecorder/RecordingIndicator.uasset" 166
"../../../Engine/Content/EditorResources/SequenceRecorder/RecordingIndicator.uexp" 167
"../../../Engine/Content/EditorResources/SequenceRecorder/Countdown.uasset" 168
"../../../Engine/Content/EditorResources/SequenceRecorder/Countdown.uexp" 169
"../../../Engine/Content/EngineDamageTypes/DmgTypeBP_Environmental.uasset" 170
"../../../Engine/Content/EngineDamageTypes/DmgTypeBP_Environmental.uexp" 171
"../../../Engine/Content/Functions/Engine_MaterialFunctions02/Utility/CameraDirectionVector.uasset" 172
"../../../Engine/Content/Functions/Engine_MaterialFunctions02/Utility/CameraDirectionVector.uexp" 173
"../../../Engine/Content/EngineDebugMaterials/VolumeToRender.uasset" 174
"../../../Engine/Content/EngineDebugMaterials/VolumeToRender.uexp" 175
"../../../Engine/Content/EngineDebugMaterials/M_VolumeRenderSphereTracePP.uasset" 176
"../../../Engine/Content/EngineDebugMaterials/M_VolumeRenderSphereTracePP.uexp" 177
"../../../Engine/Content/EngineDebugMaterials/M_SimpleUnlitTranslucent.uasset" 178
"../../../Engine/Content/EngineDebugMaterials/M_SimpleUnlitTranslucent.uexp" 179
"../../../Engine/Content/EngineDebugMaterials/DebugMeshMaterial.uasset" 180
"../../../Engine/Content/EngineDebugMaterials/DebugMeshMaterial.uexp" 181
"../../../Engine/Content/EngineDebugMaterials/DebugEditorMaterial.uasset" 182
"../../../Engine/Content/EngineDebugMaterials/DebugEditorMaterial.uexp" 183
"../../../Engine/Content/EngineFonts/Faces/RobotoLight.uexp" 184
"../../../Engine/Content/EngineFonts/Faces/RobotoLight.uasset" 185
"../../../Engine/Content/EngineFonts/Faces/RobotoLight.ufont" 186
"../../../Engine/Content/EngineFonts/Faces/RobotoBold.uexp" 187
"../../../Engine/Content/EngineFonts/Faces/RobotoBold.uasset" 188
"../../../Engine/Content/EngineFonts/Faces/RobotoBold.ufont" 189
"../../../Engine/Content/EngineFonts/Faces/RobotoRegular.uexp" 190
"../../../Engine/Content/EngineFonts/Faces/RobotoRegular.uasset" 191
"../../../Engine/Content/EngineFonts/Faces/RobotoRegular.ufont" 192
"../../../Engine/Content/EngineFonts/Faces/DroidSansFallback.uexp" 193
"../../../Engine/Content/EngineFonts/Faces/DroidSansFallback.uasset" 194
"../../../Engine/Content/EngineFonts/Faces/DroidSansFallback.ufont" 195
"../../../Engine/Content/EngineFonts/Faces/RobotoItalic.uexp" 196
"../../../Engine/Content/EngineFonts/Faces/RobotoItalic.uasset" 197
"../../../Engine/Content/EngineFonts/Faces/RobotoItalic.ufont" 198
"../../../Engine/Content/EngineFonts/Faces/RobotoBoldItalic.uexp" 199
"../../../Engine/Content/EngineFonts/Faces/RobotoBoldItalic.uasset" 200
"../../../Engine/Content/EngineFonts/Faces/RobotoBoldItalic.ufont" 201
"../../../Engine/Content/EngineFonts/Roboto.uasset" 202
"../../../Engine/Content/EngineFonts/Roboto.uexp" 203
"../../../Engine/Content/EngineResources/WhiteSquareTexture.uasset" 204
"../../../Engine/Content/EngineResources/WhiteSquareTexture.uexp" 205
"../../../Engine/Content/EngineMaterials/Widget3DPassThrough.uasset" 206
"../../../Engine/Content/EngineMaterials/Widget3DPassThrough.uexp" 207
"../../../Engine/Content/EngineMaterials/Widget3DPassThrough_Translucent.uasset" 208
"../../../Engine/Content/EngineMaterials/Widget3DPassThrough_Translucent.uexp" 209
"../../../Engine/Content/EngineMaterials/Widget3DPassThrough_Translucent_OneSided.uasset" 210
"../../../Engine/Content/EngineMaterials/Widget3DPassThrough_Translucent_OneSided.uexp" 211
"../../../Engine/Content/EngineMaterials/Widget3DPassThrough_Opaque.uasset" 212
"../../../Engine/Content/EngineMaterials/Widget3DPassThrough_Opaque.uexp" 213
"../../../Engine/Content/EngineMaterials/Widget3DPassThrough_Opaque_OneSided.uasset" 214
"../../../Engine/Content/EngineMaterials/Widget3DPassThrough_Opaque_OneSided.uexp" 215
"../../../Engine/Content/EngineMaterials/Widget3DPassThrough_Masked_OneSided.uasset" 216
"../../../Engine/Content/EngineMaterials/Widget3DPassThrough_Masked_OneSided.uexp" 217
"../../../Engine/Content/EngineMaterials/Widget3DPassThrough_Masked.uasset" 218
"../../../Engine/Content/EngineMaterials/Widget3DPassThrough_Masked.uexp" 219
"../../../Engine/Content/EngineMaterials/STBlueNoise_vec2_128x128x64.uasset" 220
"../../../Engine/Content/EngineMaterials/STBlueNoise_vec2_128x128x64.uexp" 221
"../../../Engine/Content/EngineMaterials/STBlueNoise_scalar_128x128x64.uasset" 222
"../../../Engine/Content/EngineMaterials/STBlueNoise_scalar_128x128x64.uexp" 223
"../../../Engine/Content/EngineMaterials/RemoveSurfaceMaterial.uasset" 224
"../../../Engine/Content/EngineMaterials/RemoveSurfaceMaterial.uexp" 225
"../../../Engine/Content/EngineMaterials/DefaultCalibrationGrayscale.uasset" 226
"../../../Engine/Content/EngineMaterials/DefaultCalibrationGrayscale.uexp" 227
"../../../Engine/Content/EngineMaterials/PPM_DefaultCalibrationGrayscale.uasset" 228
"../../../Engine/Content/EngineMaterials/PPM_DefaultCalibrationGrayscale.uexp" 229
"../../../Engine/Content/EngineMaterials/DefaultCalibrationColor.uasset" 230
"../../../Engine/Content/EngineMaterials/DefaultCalibrationColor.uexp" 231
"../../../Engine/Content/EngineMaterials/PPM_DefaultCalibrationColor.uasset" 232
"../../../Engine/Content/EngineMaterials/PPM_DefaultCalibrationColor.uexp" 233
"../../../Engine/Content/Functions/Engine_MaterialFunctions02/WorldPositionOffset/CameraOffset.uasset" 234
"../../../Engine/Content/Functions/Engine_MaterialFunctions02/WorldPositionOffset/CameraOffset.uexp" 235
"../../../Engine/Content/EngineMaterials/PhAT_JointLimitMaterial.uasset" 236
"../../../Engine/Content/EngineMaterials/PhAT_JointLimitMaterial.uexp" 237
"../../../Engine/Content/EngineMaterials/InvalidLightmapSettings.ubulk" 238
"../../../Engine/Content/EngineMaterials/InvalidLightmapSettings.uasset" 239
"../../../Engine/Content/EngineMaterials/InvalidLightmapSettings.uexp" 240
"../../../Engine/Content/EngineMaterials/M_InvalidLightmapSettings.uasset" 241
"../../../Engine/Content/EngineMaterials/M_InvalidLightmapSettings.uexp" 242
"../../../Engine/Content/EngineMaterials/GizmoMaterial.uasset" 243
"../../../Engine/Content/EngineMaterials/GizmoMaterial.uexp" 244
"../../../Engine/Content/EngineMaterials/BaseFlattenEmissiveMap_VT.uasset" 245
"../../../Engine/Content/EngineMaterials/BaseFlattenEmissiveMap_VT.uexp" 246
"../../../Engine/Content/EngineMaterials/BaseFlattenGrayscaleMap_VT.uasset" 247
"../../../Engine/Content/EngineMaterials/BaseFlattenGrayscaleMap_VT.uexp" 248
"../../../Engine/Content/EngineMaterials/BaseFlattenLinearColor_VT.uasset" 249
"../../../Engine/Content/EngineMaterials/BaseFlattenLinearColor_VT.uexp" 250
"../../../Engine/Content/EngineMaterials/Black_1x1_EXR_Texture_VT.uasset" 251
"../../../Engine/Content/EngineMaterials/Black_1x1_EXR_Texture_VT.uexp" 252
"../../../Engine/Content/EngineMaterials/BaseFlattenDiffuseMap_VT.uasset" 253
"../../../Engine/Content/EngineMaterials/BaseFlattenDiffuseMap_VT.uexp" 254
"../../../Engine/Content/EngineMaterials/BaseFlattenNormalMap_VT.uasset" 255
"../../../Engine/Content/EngineMaterials/BaseFlattenNormalMap_VT.uexp" 256
"../../../Engine/Content/EngineMaterials/FlattenMaterial_WS_Normal_VT.uasset" 257
"../../../Engine/Content/EngineMaterials/FlattenMaterial_WS_Normal_VT.uexp" 258
"../../../Engine/Content/EngineMaterials/FlattenMaterial_VT.uasset" 259
"../../../Engine/Content/EngineMaterials/FlattenMaterial_VT.uexp" 260
"../../../Engine/Content/EngineMaterials/BaseFlattenNormalMap.uasset" 261
"../../../Engine/Content/EngineMaterials/BaseFlattenNormalMap.uexp" 262
"../../../Engine/Content/EngineMaterials/BaseFlattenGrayscaleMap.uasset" 263
"../../../Engine/Content/EngineMaterials/BaseFlattenGrayscaleMap.uexp" 264
"../../../Engine/Content/EngineMaterials/BaseFlattenDiffuseMap.uasset" 265
"../../../Engine/Content/EngineMaterials/BaseFlattenDiffuseMap.uexp" 266
"../../../Engine/Content/Functions/Engine_MaterialFunctions02/PivotPainter2/Black_1x1_EXR_Texture.uasset" 267
"../../../Engine/Content/Functions/Engine_MaterialFunctions02/PivotPainter2/Black_1x1_EXR_Texture.uexp" 268
"../../../Engine/Content/EngineMaterials/BaseFlattenEmissiveMap.uasset" 269
"../../../Engine/Content/EngineMaterials/BaseFlattenEmissiveMap.uexp" 270
"../../../Engine/Content/EngineMaterials/BaseFlattenLinearColor.uasset" 271
"../../../Engine/Content/EngineMaterials/BaseFlattenLinearColor.uexp" 272
"../../../Engine/Content/EngineMaterials/FlattenMaterial.uasset" 273
"../../../Engine/Content/EngineMaterials/FlattenMaterial.uexp" 274
"../../../Engine/Content/EngineMaterials/DefaultWhiteGrid_Low.uasset" 275
"../../../Engine/Content/EngineMaterials/DefaultWhiteGrid_Low.uexp" 276
"../../../Engine/Content/EngineMaterials/EmissiveMeshMaterial.uasset" 277
"../../../Engine/Content/EngineMaterials/EmissiveMeshMaterial.uexp" 278
"C:/Users/pucil/Desktop/Escape/Escape/Content/Input/IA_Look.uasset" 279
"C:/Users/pucil/Desktop/Escape/Escape/Content/Input/IA_Look.uexp" 280
"C:/Users/pucil/Desktop/Escape/Escape/Content/Input/IA_Jump.uasset" 281
"C:/Users/pucil/Desktop/Escape/Escape/Content/Input/IA_Jump.uexp" 282
"C:/Users/pucil/Desktop/Escape/Escape/Content/Input/IA_Dash.uasset" 283
"C:/Users/pucil/Desktop/Escape/Escape/Content/Input/IA_Dash.uexp" 284
"C:/Users/pucil/Desktop/Escape/Escape/Content/Input/IA_Pause.uasset" 285
"C:/Users/pucil/Desktop/Escape/Escape/Content/Input/IA_Pause.uexp" 286
"C:/Users/pucil/Desktop/Escape/Escape/Content/Input/IA_CrouchSlide.uasset" 287
"C:/Users/pucil/Desktop/Escape/Escape/Content/Input/IA_CrouchSlide.uexp" 288
"C:/Users/pucil/Desktop/Escape/Escape/Content/Input/IA_Walk.uasset" 289
"C:/Users/pucil/Desktop/Escape/Escape/Content/Input/IA_Walk.uexp" 290
"C:/Users/pucil/Desktop/Escape/Escape/Content/Input/IA_Grapple.uasset" 291
"C:/Users/pucil/Desktop/Escape/Escape/Content/Input/IA_Grapple.uexp" 292
"C:/Users/pucil/Desktop/Escape/Escape/Content/Input/IMC_Player.uasset" 293
"C:/Users/pucil/Desktop/Escape/Escape/Content/Input/IMC_Player.uexp" 294
"../../../Engine/Content/EngineFonts/RobotoDistanceField.uasset" 295
"../../../Engine/Content/EngineFonts/RobotoDistanceField.uexp" 296
"../../../Engine/Content/EngineMaterials/DefaultTextMaterialOpaque.uasset" 297
"../../../Engine/Content/EngineMaterials/DefaultTextMaterialOpaque.uexp" 298
"../../../Engine/Content/EngineMaterials/DefaultDiffuse.ubulk" 299
"../../../Engine/Content/EngineMaterials/DefaultDiffuse.uasset" 300
"../../../Engine/Content/EngineMaterials/DefaultDiffuse.uexp" 301
"../../../Engine/Content/Functions/Engine_MaterialFunctions02/Utility/BreakOutFloat2Components.uasset" 302
"../../../Engine/Content/Functions/Engine_MaterialFunctions02/Utility/BreakOutFloat2Components.uexp" 303
"../../../Engine/Content/EngineMaterials/DefaultPostProcessMaterial.uasset" 304
"../../../Engine/Content/EngineMaterials/DefaultPostProcessMaterial.uexp" 305
"../../../Engine/Content/EngineMaterials/DefaultPhysicalMaterial.uasset" 306
"../../../Engine/Content/EngineMaterials/DefaultPhysicalMaterial.uexp" 307
"../../../Engine/Content/EngineMaterials/DefaultLightFunctionMaterial.uasset" 308
"../../../Engine/Content/EngineMaterials/DefaultLightFunctionMaterial.uexp" 309
"../../../Engine/Content/EngineMaterials/DefaultDestructiblePhysicalMaterial.uasset" 310
"../../../Engine/Content/EngineMaterials/DefaultDestructiblePhysicalMaterial.uexp" 311
"../../../Engine/Content/EngineMaterials/DefaultDeferredDecalMaterial.uasset" 312
"../../../Engine/Content/EngineMaterials/DefaultDeferredDecalMaterial.uexp" 313
"../../../Engine/Content/EngineMaterials/DefaultBloomKernel.uasset" 314
"../../../Engine/Content/EngineMaterials/DefaultBloomKernel.uexp" 315
"../../../Engine/Content/EngineResources/FilmGrains/Marcie_Grain_v3_128_M2_000.uasset" 316
"../../../Engine/Content/EngineResources/FilmGrains/Marcie_Grain_v3_128_M2_000.uexp" 317
"../../../Engine/Content/EngineSky/VolumetricClouds/CloudWeatherTexture.uasset" 318
"../../../Engine/Content/EngineSky/VolumetricClouds/CloudWeatherTexture.uexp" 319
"../../../Engine/Content/Functions/Engine_MaterialFunctions02/Utility/MakeFloat2.uasset" 320
"../../../Engine/Content/Functions/Engine_MaterialFunctions02/Utility/MakeFloat2.uexp" 321
"../../../Engine/Content/EngineSky/VolumetricClouds/CloudGradientTexture.uasset" 322
"../../../Engine/Content/EngineSky/VolumetricClouds/CloudGradientTexture.uexp" 323
"../../../Engine/Content/EngineSky/VolumetricClouds/T_NoiseShape64.ubulk" 324
"../../../Engine/Content/EngineSky/VolumetricClouds/T_NoiseShape64.uasset" 325
"../../../Engine/Content/EngineSky/VolumetricClouds/T_NoiseShape64.uexp" 326
"../../../Engine/Content/EngineSky/VolumetricClouds/T_VolumeNoiseShape64.uasset" 327
"../../../Engine/Content/EngineSky/VolumetricClouds/T_VolumeNoiseShape64.uexp" 328
"../../../Engine/Content/EngineSky/VolumetricClouds/T_NoiseErosion.ubulk" 329
"../../../Engine/Content/EngineSky/VolumetricClouds/T_NoiseErosion.uasset" 330
"../../../Engine/Content/EngineSky/VolumetricClouds/T_NoiseErosion.uexp" 331
"../../../Engine/Content/EngineSky/VolumetricClouds/T_VolumeNoiseErosion32.uasset" 332
"../../../Engine/Content/EngineSky/VolumetricClouds/T_VolumeNoiseErosion32.uexp" 333
"../../../Engine/Content/EngineSky/VolumetricClouds/m_SimpleVolumetricCloud.uasset" 334
"../../../Engine/Content/EngineSky/VolumetricClouds/m_SimpleVolumetricCloud.uexp" 335
"../../../Engine/Content/EngineSky/VolumetricClouds/m_SimpleVolumetricCloud_Inst.uasset" 336
"../../../Engine/Content/EngineSky/VolumetricClouds/m_SimpleVolumetricCloud_Inst.uexp" 337
"../../../Engine/Content/EngineSounds/Master.uasset" 338
"../../../Engine/Content/EngineSounds/Master.uexp" 339
"../../../Engine/Content/Functions/Engine_MaterialFunctions01/Shading/PowerToRoughness.uasset" 340
"../../../Engine/Content/Functions/Engine_MaterialFunctions01/Shading/PowerToRoughness.uexp" 341
"../../../Engine/Content/MobileResources/HUD/VirtualJoystick_Background.uasset" 342
"../../../Engine/Content/MobileResources/HUD/VirtualJoystick_Background.uexp" 343
"../../../Engine/Content/MobileResources/HUD/VirtualJoystick_Thumb.uasset" 344
"../../../Engine/Content/MobileResources/HUD/VirtualJoystick_Thumb.uexp" 345
"../../../Engine/Content/MobileResources/HUD/DefaultVirtualJoysticks.uasset" 346
"../../../Engine/Content/MobileResources/HUD/DefaultVirtualJoysticks.uexp" 347
"../../../Engine/Plugins/2D/Paper2D/Content/PlaceholderTextures/DummySpriteTexture.ubulk" 348
"../../../Engine/Plugins/2D/Paper2D/Content/PlaceholderTextures/DummySpriteTexture.uasset" 349
"../../../Engine/Plugins/2D/Paper2D/Content/PlaceholderTextures/DummySpriteTexture.uexp" 350
"../../../Engine/Plugins/2D/Paper2D/Content/DefaultSpriteMaterial.uasset" 351
"../../../Engine/Plugins/2D/Paper2D/Content/DefaultSpriteMaterial.uexp" 352
"../../../Engine/Plugins/2D/Paper2D/Content/OpaqueUnlitSpriteMaterial.uasset" 353
"../../../Engine/Plugins/2D/Paper2D/Content/OpaqueUnlitSpriteMaterial.uexp" 354
"../../../Engine/Plugins/2D/Paper2D/Content/MaskedUnlitSpriteMaterial.uasset" 355
"../../../Engine/Plugins/2D/Paper2D/Content/MaskedUnlitSpriteMaterial.uexp" 356
"../../../Engine/Plugins/2D/Paper2D/Content/DummySprite.uasset" 357
"../../../Engine/Plugins/2D/Paper2D/Content/DummySprite.uexp" 358
"../../../Engine/Plugins/2D/Paper2D/Content/DefaultPaperTerrainMaterial.uasset" 359
"../../../Engine/Plugins/2D/Paper2D/Content/DefaultPaperTerrainMaterial.uexp" 360
"../../../Engine/Plugins/Animation/ControlRig/Content/M_Manip.uasset" 361
"../../../Engine/Plugins/Animation/ControlRig/Content/M_Manip.uexp" 362
"../../../Engine/Plugins/Animation/ControlRig/Content/Controls/DefaultGizmoLibraryNormalized.uasset" 363
"../../../Engine/Plugins/Animation/ControlRig/Content/Controls/DefaultGizmoLibraryNormalized.uexp" 364
"../../../Engine/Plugins/Animation/ControlRig/Content/Controls/ControlRig_Wedge_solid.ubulk" 365
"../../../Engine/Plugins/Animation/ControlRig/Content/Controls/ControlRig_Wedge_solid.uasset" 366
"../../../Engine/Plugins/Animation/ControlRig/Content/Controls/ControlRig_Wedge_solid.uexp" 367
"../../../Engine/Plugins/Animation/ControlRig/Content/Controls/ControlRig_Wedge_3mm.ubulk" 368
"../../../Engine/Plugins/Animation/ControlRig/Content/Controls/ControlRig_Wedge_3mm.uasset" 369
"../../../Engine/Plugins/Animation/ControlRig/Content/Controls/ControlRig_Wedge_3mm.uexp" 370
"../../../Engine/Plugins/Animation/ControlRig/Content/Controls/ControlRig_Wedge_1mm.ubulk" 371
"../../../Engine/Plugins/Animation/ControlRig/Content/Controls/ControlRig_Wedge_1mm.uasset" 372
"../../../Engine/Plugins/Animation/ControlRig/Content/Controls/ControlRig_Wedge_1mm.uexp" 373
"../../../Engine/Plugins/Animation/ControlRig/Content/Controls/ControlRig_Triangle_solid.ubulk" 374
"../../../Engine/Plugins/Animation/ControlRig/Content/Controls/ControlRig_Triangle_solid.uasset" 375
"../../../Engine/Plugins/Animation/ControlRig/Content/Controls/ControlRig_Triangle_solid.uexp" 376
"../../../Engine/Plugins/Animation/ControlRig/Content/Controls/ControlRig_Triangle_3mm.ubulk" 377
"../../../Engine/Plugins/Animation/ControlRig/Content/Controls/ControlRig_Triangle_3mm.uasset" 378
"../../../Engine/Plugins/Animation/ControlRig/Content/Controls/ControlRig_Triangle_3mm.uexp" 379
"../../../Engine/Plugins/Animation/ControlRig/Content/Controls/ControlRig_Triangle_1mm.ubulk" 380
"../../../Engine/Plugins/Animation/ControlRig/Content/Controls/ControlRig_Triangle_1mm.uasset" 381
"../../../Engine/Plugins/Animation/ControlRig/Content/Controls/ControlRig_Triangle_1mm.uexp" 382
"../../../Engine/Plugins/Animation/ControlRig/Content/Controls/ControlRig_Star4_solid.ubulk" 383
"../../../Engine/Plugins/Animation/ControlRig/Content/Controls/ControlRig_Star4_solid.uasset" 384
"../../../Engine/Plugins/Animation/ControlRig/Content/Controls/ControlRig_Star4_solid.uexp" 385
"../../../Engine/Plugins/Animation/ControlRig/Content/Controls/ControlRig_Star4_3mm.ubulk" 386
"../../../Engine/Plugins/Animation/ControlRig/Content/Controls/ControlRig_Star4_3mm.uasset" 387
"../../../Engine/Plugins/Animation/ControlRig/Content/Controls/ControlRig_Star4_3mm.uexp" 388
"../../../Engine/Plugins/Animation/ControlRig/Content/Controls/ControlRig_Star4_1mm.ubulk" 389
"../../../Engine/Plugins/Animation/ControlRig/Content/Controls/ControlRig_Star4_1mm.uasset" 390
"../../../Engine/Plugins/Animation/ControlRig/Content/Controls/ControlRig_Star4_1mm.uexp" 391
"../../../Engine/Plugins/Animation/ControlRig/Content/Controls/ControlRig_Square_solid.ubulk" 392
"../../../Engine/Plugins/Animation/ControlRig/Content/Controls/ControlRig_Square_solid.uasset" 393
"../../../Engine/Plugins/Animation/ControlRig/Content/Controls/ControlRig_Square_solid.uexp" 394
"../../../Engine/Plugins/Animation/ControlRig/Content/Controls/ControlRig_Square_3mm.ubulk" 395
"../../../Engine/Plugins/Animation/ControlRig/Content/Controls/ControlRig_Square_3mm.uasset" 396
"../../../Engine/Plugins/Animation/ControlRig/Content/Controls/ControlRig_Square_3mm.uexp" 397
"../../../Engine/Plugins/Animation/ControlRig/Content/Controls/ControlRig_Square_1mm.ubulk" 398
"../../../Engine/Plugins/Animation/ControlRig/Content/Controls/ControlRig_Square_1mm.uasset" 399
"../../../Engine/Plugins/Animation/ControlRig/Content/Controls/ControlRig_Square_1mm.uexp" 400
"../../../Engine/Plugins/Animation/ControlRig/Content/Controls/ControlRig_Sphere_solid.ubulk" 401
"../../../Engine/Plugins/Animation/ControlRig/Content/Controls/ControlRig_Sphere_solid.uasset" 402
"../../../Engine/Plugins/Animation/ControlRig/Content/Controls/ControlRig_Sphere_solid.uexp" 403
"../../../Engine/Plugins/Animation/ControlRig/Content/Controls/ControlRig_Sphere_3mm.ubulk" 404
"../../../Engine/Plugins/Animation/ControlRig/Content/Controls/ControlRig_Sphere_3mm.uasset" 405
"../../../Engine/Plugins/Animation/ControlRig/Content/Controls/ControlRig_Sphere_3mm.uexp" 406
"../../../Engine/Plugins/Animation/ControlRig/Content/Controls/ControlRig_Sphere_1mm.ubulk" 407
"../../../Engine/Plugins/Animation/ControlRig/Content/Controls/ControlRig_Sphere_1mm.uasset" 408
"../../../Engine/Plugins/Animation/ControlRig/Content/Controls/ControlRig_Sphere_1mm.uexp" 409
"../../../Engine/Plugins/Animation/ControlRig/Content/Controls/ControlRig_RoundedTriangle_solid.ubulk" 410
"../../../Engine/Plugins/Animation/ControlRig/Content/Controls/ControlRig_RoundedTriangle_solid.uasset" 411
"../../../Engine/Plugins/Animation/ControlRig/Content/Controls/ControlRig_RoundedTriangle_solid.uexp" 412
"../../../Engine/Plugins/Animation/ControlRig/Content/Controls/ControlRig_RoundedTriangle_3mm.ubulk" 413
"../../../Engine/Plugins/Animation/ControlRig/Content/Controls/ControlRig_RoundedTriangle_3mm.uasset" 414
"../../../Engine/Plugins/Animation/ControlRig/Content/Controls/ControlRig_RoundedTriangle_3mm.uexp" 415
"../../../Engine/Plugins/Animation/ControlRig/Content/Controls/ControlRig_RoundedTriangle_1mm.ubulk" 416
"../../../Engine/Plugins/Animation/ControlRig/Content/Controls/ControlRig_RoundedTriangle_1mm.uasset" 417
"../../../Engine/Plugins/Animation/ControlRig/Content/Controls/ControlRig_RoundedTriangle_1mm.uexp" 418
"../../../Engine/Plugins/Animation/ControlRig/Content/Controls/ControlRig_RoundedSquare_solid.ubulk" 419
"../../../Engine/Plugins/Animation/ControlRig/Content/Controls/ControlRig_RoundedSquare_solid.uasset" 420
"../../../Engine/Plugins/Animation/ControlRig/Content/Controls/ControlRig_RoundedSquare_solid.uexp" 421
"../../../Engine/Plugins/Animation/ControlRig/Content/Controls/ControlRig_RoundedSquare_3mm.ubulk" 422
"../../../Engine/Plugins/Animation/ControlRig/Content/Controls/ControlRig_RoundedSquare_3mm.uasset" 423
"../../../Engine/Plugins/Animation/ControlRig/Content/Controls/ControlRig_RoundedSquare_3mm.uexp" 424
"../../../Engine/Plugins/Animation/ControlRig/Content/Controls/ControlRig_RoundedSquare_1mm.ubulk" 425
"../../../Engine/Plugins/Animation/ControlRig/Content/Controls/ControlRig_RoundedSquare_1mm.uasset" 426
"../../../Engine/Plugins/Animation/ControlRig/Content/Controls/ControlRig_RoundedSquare_1mm.uexp" 427
"../../../Engine/Plugins/Animation/ControlRig/Content/Controls/ControlRig_QuarterCircle_solid.ubulk" 428
"../../../Engine/Plugins/Animation/ControlRig/Content/Controls/ControlRig_QuarterCircle_solid.uasset" 429
"../../../Engine/Plugins/Animation/ControlRig/Content/Controls/ControlRig_QuarterCircle_solid.uexp" 430
"../../../Engine/Plugins/Animation/ControlRig/Content/Controls/ControlRig_QuarterCircle_3mm.ubulk" 431
"../../../Engine/Plugins/Animation/ControlRig/Content/Controls/ControlRig_QuarterCircle_3mm.uasset" 432
"../../../Engine/Plugins/Animation/ControlRig/Content/Controls/ControlRig_QuarterCircle_3mm.uexp" 433
"../../../Engine/Plugins/Animation/ControlRig/Content/Controls/ControlRig_QuarterCircle_1mm.ubulk" 434
"../../../Engine/Plugins/Animation/ControlRig/Content/Controls/ControlRig_QuarterCircle_1mm.uasset" 435
"../../../Engine/Plugins/Animation/ControlRig/Content/Controls/ControlRig_QuarterCircle_1mm.uexp" 436
"../../../Engine/Plugins/Animation/ControlRig/Content/Controls/ControlRig_Pyramid_solid.ubulk" 437
"../../../Engine/Plugins/Animation/ControlRig/Content/Controls/ControlRig_Pyramid_solid.uasset" 438
"../../../Engine/Plugins/Animation/ControlRig/Content/Controls/ControlRig_Pyramid_solid.uexp" 439
"../../../Engine/Plugins/Animation/ControlRig/Content/Controls/ControlRig_Pyramid_3mm.ubulk" 440
"../../../Engine/Plugins/Animation/ControlRig/Content/Controls/ControlRig_Pyramid_3mm.uasset" 441
"../../../Engine/Plugins/Animation/ControlRig/Content/Controls/ControlRig_Pyramid_3mm.uexp" 442
"../../../Engine/Plugins/Animation/ControlRig/Content/Controls/ControlRig_Pyramid_1mm.ubulk" 443
"../../../Engine/Plugins/Animation/ControlRig/Content/Controls/ControlRig_Pyramid_1mm.uasset" 444
"../../../Engine/Plugins/Animation/ControlRig/Content/Controls/ControlRig_Pyramid_1mm.uexp" 445
"../../../Engine/Plugins/Animation/ControlRig/Content/Controls/ControlRig_Octagon_solid.ubulk" 446
"../../../Engine/Plugins/Animation/ControlRig/Content/Controls/ControlRig_Octagon_solid.uasset" 447
"../../../Engine/Plugins/Animation/ControlRig/Content/Controls/ControlRig_Octagon_solid.uexp" 448
"../../../Engine/Plugins/Animation/ControlRig/Content/Controls/ControlRig_Octagon_3mm.ubulk" 449
"../../../Engine/Plugins/Animation/ControlRig/Content/Controls/ControlRig_Octagon_3mm.uasset" 450
"../../../Engine/Plugins/Animation/ControlRig/Content/Controls/ControlRig_Octagon_3mm.uexp" 451
"../../../Engine/Plugins/Animation/ControlRig/Content/Controls/ControlRig_Octagon_1mm.ubulk" 452
"../../../Engine/Plugins/Animation/ControlRig/Content/Controls/ControlRig_Octagon_1mm.uasset" 453
"../../../Engine/Plugins/Animation/ControlRig/Content/Controls/ControlRig_Octagon_1mm.uexp" 454
"../../../Engine/Plugins/Animation/ControlRig/Content/Controls/ControlRig_Hexagon_solid.ubulk" 455
"../../../Engine/Plugins/Animation/ControlRig/Content/Controls/ControlRig_Hexagon_solid.uasset" 456
"../../../Engine/Plugins/Animation/ControlRig/Content/Controls/ControlRig_Hexagon_solid.uexp" 457
"../../../Engine/Plugins/Animation/ControlRig/Content/Controls/ControlRig_Hexagon_3mm.ubulk" 458
"../../../Engine/Plugins/Animation/ControlRig/Content/Controls/ControlRig_Hexagon_3mm.uasset" 459
"../../../Engine/Plugins/Animation/ControlRig/Content/Controls/ControlRig_Hexagon_3mm.uexp" 460
"../../../Engine/Plugins/Animation/ControlRig/Content/Controls/ControlRig_Hexagon_1mm.ubulk" 461
"../../../Engine/Plugins/Animation/ControlRig/Content/Controls/ControlRig_Hexagon_1mm.uasset" 462
"../../../Engine/Plugins/Animation/ControlRig/Content/Controls/ControlRig_Hexagon_1mm.uexp" 463
"../../../Engine/Plugins/Animation/ControlRig/Content/Controls/ControlRig_HalfCircle_solid.ubulk" 464
"../../../Engine/Plugins/Animation/ControlRig/Content/Controls/ControlRig_HalfCircle_solid.uasset" 465
"../../../Engine/Plugins/Animation/ControlRig/Content/Controls/ControlRig_HalfCircle_solid.uexp" 466
"../../../Engine/Plugins/Animation/ControlRig/Content/Controls/ControlRig_HalfCircle_3mm.ubulk" 467
"../../../Engine/Plugins/Animation/ControlRig/Content/Controls/ControlRig_HalfCircle_3mm.uasset" 468
"../../../Engine/Plugins/Animation/ControlRig/Content/Controls/ControlRig_HalfCircle_3mm.uexp" 469
"../../../Engine/Plugins/Animation/ControlRig/Content/Controls/ControlRig_HalfCircle_1mm.ubulk" 470
"../../../Engine/Plugins/Animation/ControlRig/Content/Controls/ControlRig_HalfCircle_1mm.uasset" 471
"../../../Engine/Plugins/Animation/ControlRig/Content/Controls/ControlRig_HalfCircle_1mm.uexp" 472
"../../../Engine/Plugins/Animation/ControlRig/Content/Controls/ControlRig_Diamond_solid.ubulk" 473
"../../../Engine/Plugins/Animation/ControlRig/Content/Controls/ControlRig_Diamond_solid.uasset" 474
"../../../Engine/Plugins/Animation/ControlRig/Content/Controls/ControlRig_Diamond_solid.uexp" 475
"../../../Engine/Plugins/Animation/ControlRig/Content/Controls/ControlRig_Diamond_3mm.ubulk" 476
"../../../Engine/Plugins/Animation/ControlRig/Content/Controls/ControlRig_Diamond_3mm.uasset" 477
"../../../Engine/Plugins/Animation/ControlRig/Content/Controls/ControlRig_Diamond_3mm.uexp" 478
"../../../Engine/Plugins/Animation/ControlRig/Content/Controls/ControlRig_Diamond_1mm.ubulk" 479
"../../../Engine/Plugins/Animation/ControlRig/Content/Controls/ControlRig_Diamond_1mm.uasset" 480
"../../../Engine/Plugins/Animation/ControlRig/Content/Controls/ControlRig_Diamond_1mm.uexp" 481
"../../../Engine/Plugins/Animation/ControlRig/Content/Controls/ControlRig_Circle_solid.ubulk" 482
"../../../Engine/Plugins/Animation/ControlRig/Content/Controls/ControlRig_Circle_solid.uasset" 483
"../../../Engine/Plugins/Animation/ControlRig/Content/Controls/ControlRig_Circle_solid.uexp" 484
"../../../Engine/Plugins/Animation/ControlRig/Content/Controls/ControlRig_Circle_3mm.ubulk" 485
"../../../Engine/Plugins/Animation/ControlRig/Content/Controls/ControlRig_Circle_3mm.uasset" 486
"../../../Engine/Plugins/Animation/ControlRig/Content/Controls/ControlRig_Circle_3mm.uexp" 487
"../../../Engine/Plugins/Animation/ControlRig/Content/Controls/ControlRig_Circle_1mm.ubulk" 488
"../../../Engine/Plugins/Animation/ControlRig/Content/Controls/ControlRig_Circle_1mm.uasset" 489
"../../../Engine/Plugins/Animation/ControlRig/Content/Controls/ControlRig_Circle_1mm.uexp" 490
"../../../Engine/Plugins/Animation/ControlRig/Content/Controls/ControlRig_Box_solid.ubulk" 491
"../../../Engine/Plugins/Animation/ControlRig/Content/Controls/ControlRig_Box_solid.uasset" 492
"../../../Engine/Plugins/Animation/ControlRig/Content/Controls/ControlRig_Box_solid.uexp" 493
"../../../Engine/Plugins/Animation/ControlRig/Content/Controls/ControlRig_Box_3mm.ubulk" 494
"../../../Engine/Plugins/Animation/ControlRig/Content/Controls/ControlRig_Box_3mm.uasset" 495
"../../../Engine/Plugins/Animation/ControlRig/Content/Controls/ControlRig_Box_3mm.uexp" 496
"../../../Engine/Plugins/Animation/ControlRig/Content/Controls/ControlRig_Box_1mm.ubulk" 497
"../../../Engine/Plugins/Animation/ControlRig/Content/Controls/ControlRig_Box_1mm.uasset" 498
"../../../Engine/Plugins/Animation/ControlRig/Content/Controls/ControlRig_Box_1mm.uexp" 499
"../../../Engine/Plugins/Animation/ControlRig/Content/Controls/ControlRig_Arrow_solid.ubulk" 500
"../../../Engine/Plugins/Animation/ControlRig/Content/Controls/ControlRig_Arrow_solid.uasset" 501
"../../../Engine/Plugins/Animation/ControlRig/Content/Controls/ControlRig_Arrow_solid.uexp" 502
"../../../Engine/Plugins/Animation/ControlRig/Content/Controls/ControlRig_Arrow_3mm.ubulk" 503
"../../../Engine/Plugins/Animation/ControlRig/Content/Controls/ControlRig_Arrow_3mm.uasset" 504
"../../../Engine/Plugins/Animation/ControlRig/Content/Controls/ControlRig_Arrow_3mm.uexp" 505
"../../../Engine/Plugins/Animation/ControlRig/Content/Controls/ControlRig_Arrow_1mm.ubulk" 506
"../../../Engine/Plugins/Animation/ControlRig/Content/Controls/ControlRig_Arrow_1mm.uasset" 507
"../../../Engine/Plugins/Animation/ControlRig/Content/Controls/ControlRig_Arrow_1mm.uexp" 508
"../../../Engine/Plugins/Animation/ControlRig/Content/Controls/ControlRig_Arrow4_solid.ubulk" 509
"../../../Engine/Plugins/Animation/ControlRig/Content/Controls/ControlRig_Arrow4_solid.uasset" 510
"../../../Engine/Plugins/Animation/ControlRig/Content/Controls/ControlRig_Arrow4_solid.uexp" 511
"../../../Engine/Plugins/Animation/ControlRig/Content/Controls/ControlRig_Arrow4_3mm.ubulk" 512
"../../../Engine/Plugins/Animation/ControlRig/Content/Controls/ControlRig_Arrow4_3mm.uasset" 513
"../../../Engine/Plugins/Animation/ControlRig/Content/Controls/ControlRig_Arrow4_3mm.uexp" 514
"../../../Engine/Plugins/Animation/ControlRig/Content/Controls/ControlRig_Arrow4_1mm.ubulk" 515
"../../../Engine/Plugins/Animation/ControlRig/Content/Controls/ControlRig_Arrow4_1mm.uasset" 516
"../../../Engine/Plugins/Animation/ControlRig/Content/Controls/ControlRig_Arrow4_1mm.uexp" 517
"../../../Engine/Plugins/Animation/ControlRig/Content/Controls/ControlRig_Arrow2_solid.ubulk" 518
"../../../Engine/Plugins/Animation/ControlRig/Content/Controls/ControlRig_Arrow2_solid.uasset" 519
"../../../Engine/Plugins/Animation/ControlRig/Content/Controls/ControlRig_Arrow2_solid.uexp" 520
"../../../Engine/Plugins/Animation/ControlRig/Content/Controls/ControlRig_Arrow2_3mm.ubulk" 521
"../../../Engine/Plugins/Animation/ControlRig/Content/Controls/ControlRig_Arrow2_3mm.uasset" 522
"../../../Engine/Plugins/Animation/ControlRig/Content/Controls/ControlRig_Arrow2_3mm.uexp" 523
"../../../Engine/Plugins/Animation/ControlRig/Content/Controls/ControlRig_Arrow2_1mm.ubulk" 524
"../../../Engine/Plugins/Animation/ControlRig/Content/Controls/ControlRig_Arrow2_1mm.uasset" 525
"../../../Engine/Plugins/Animation/ControlRig/Content/Controls/ControlRig_Arrow2_1mm.uexp" 526
"../../../Engine/Plugins/Animation/ControlRig/Content/Controls/ControlRigXRayMaterial.uasset" 527
"../../../Engine/Plugins/Animation/ControlRig/Content/Controls/ControlRigXRayMaterial.uexp" 528
"../../../Engine/Plugins/Animation/ControlRig/Content/Controls/ControlRigGizmoMaterial.uasset" 529
"../../../Engine/Plugins/Animation/ControlRig/Content/Controls/ControlRigGizmoMaterial.uexp" 530
"../../../Engine/Plugins/Editor/SpeedTreeImporter/Content/SpeedTree9/game_wind_noise.ubulk" 531
"../../../Engine/Plugins/Editor/SpeedTreeImporter/Content/SpeedTree9/game_wind_noise.uasset" 532
"../../../Engine/Plugins/Editor/SpeedTreeImporter/Content/SpeedTree9/game_wind_noise.uexp" 533
"../../../Engine/Plugins/Editor/SpeedTreeImporter/Content/SpeedTree9/UnpackDirection.uasset" 534
"../../../Engine/Plugins/Editor/SpeedTreeImporter/Content/SpeedTree9/UnpackDirection.uexp" 535
"../../../Engine/Content/Functions/Engine_MaterialFunctions02/ObjectLocalBounds.uasset" 536
"../../../Engine/Content/Functions/Engine_MaterialFunctions02/ObjectLocalBounds.uexp" 537
"../../../Engine/Content/Functions/Engine_MaterialFunctions02/UVs/BoundingBoxBased_0-1_UVW.uasset" 538
"../../../Engine/Content/Functions/Engine_MaterialFunctions02/UVs/BoundingBoxBased_0-1_UVW.uexp" 539
"../../../Engine/Content/Functions/Engine_MaterialFunctions02/Utility/VectorLength.uasset" 540
"../../../Engine/Content/Functions/Engine_MaterialFunctions02/Utility/VectorLength.uexp" 541
"../../../Engine/Plugins/Editor/SpeedTreeImporter/Content/SpeedTree9/UnpackInteger3.uasset" 542
"../../../Engine/Plugins/Editor/SpeedTreeImporter/Content/SpeedTree9/UnpackInteger3.uexp" 543
"../../../Engine/Plugins/Editor/SpeedTreeImporter/Content/SpeedTree9/SpeedTreeCameraFacing.uasset" 544
"../../../Engine/Plugins/Editor/SpeedTreeImporter/Content/SpeedTree9/SpeedTreeCameraFacing.uexp" 545
"../../../Engine/Content/Functions/Engine_MaterialFunctions02/WorldPositionOffset/ObjectScale.uasset" 546
"../../../Engine/Content/Functions/Engine_MaterialFunctions02/WorldPositionOffset/ObjectScale.uexp" 547
"../../../Engine/Content/Functions/Engine_MaterialFunctions02/SafeNormalize.uasset" 548
"../../../Engine/Content/Functions/Engine_MaterialFunctions02/SafeNormalize.uexp" 549
"../../../Engine/Plugins/Editor/SpeedTreeImporter/Content/SpeedTree9/SpeedTreeWindMotion.uasset" 550
"../../../Engine/Plugins/Editor/SpeedTreeImporter/Content/SpeedTree9/SpeedTreeWindMotion.uexp" 551
"../../../Engine/Plugins/Editor/SpeedTreeImporter/Content/SpeedTree9/SpeedTreeBranchMotion.uasset" 552
"../../../Engine/Plugins/Editor/SpeedTreeImporter/Content/SpeedTree9/SpeedTreeBranchMotion.uexp" 553
"../../../Engine/Plugins/Editor/SpeedTreeImporter/Content/SpeedTree9/SpeedTreeWind.uasset" 554
"../../../Engine/Plugins/Editor/SpeedTreeImporter/Content/SpeedTree9/SpeedTreeWind.uexp" 555
"../../../Engine/Plugins/Editor/SpeedTreeImporter/Content/SpeedTree9/EmptyNormal.uasset" 556
"../../../Engine/Plugins/Editor/SpeedTreeImporter/Content/SpeedTree9/EmptyNormal.uexp" 557
"../../../Engine/Plugins/Editor/SpeedTreeImporter/Content/SpeedTree9/Empty.uasset" 558
"../../../Engine/Plugins/Editor/SpeedTreeImporter/Content/SpeedTree9/Empty.uexp" 559
"../../../Engine/Plugins/Editor/SpeedTreeImporter/Content/SpeedTree9/SpeedTreeMaster.uasset" 560
"../../../Engine/Plugins/Editor/SpeedTreeImporter/Content/SpeedTree9/SpeedTreeMaster.uexp" 561
"../../../Engine/Plugins/Editor/SpeedTreeImporter/Content/SpeedTree9/SpeedTreeBillboard.uasset" 562
"../../../Engine/Plugins/Editor/SpeedTreeImporter/Content/SpeedTree9/SpeedTreeBillboard.uexp" 563
"../../../Engine/Plugins/Editor/SpeedTreeImporter/Content/SpeedTree9/SpeedTreeBillboardMaster.uasset" 564
"../../../Engine/Plugins/Editor/SpeedTreeImporter/Content/SpeedTree9/SpeedTreeBillboardMaster.uexp" 565
"../../../Engine/Content/Functions/Engine_MaterialFunctions02/Texturing/CustomRotator.uasset" 566
"../../../Engine/Content/Functions/Engine_MaterialFunctions02/Texturing/CustomRotator.uexp" 567
"../../../Engine/Content/Functions/Engine_MaterialFunctions02/Texturing/ScreenAlignedPixelToPixelUVs.uasset" 568
"../../../Engine/Content/Functions/Engine_MaterialFunctions02/Texturing/ScreenAlignedPixelToPixelUVs.uexp" 569
"../../../Engine/Plugins/Interchange/Runtime/Content/Utilities/T_Bayer64_Grayscale_64px.uasset" 570
"../../../Engine/Plugins/Interchange/Runtime/Content/Utilities/T_Bayer64_Grayscale_64px.uexp" 571
"../../../Engine/Plugins/Interchange/Runtime/Content/gltf/MaterialFunctions/MF_Temporal_Blur.uasset" 572
"../../../Engine/Plugins/Interchange/Runtime/Content/gltf/MaterialFunctions/MF_Temporal_Blur.uexp" 573
"../../../Engine/Plugins/Interchange/Runtime/Content/gltf/MaterialFunctions/MF_Fresnel_DS.uasset" 574
"../../../Engine/Plugins/Interchange/Runtime/Content/gltf/MaterialFunctions/MF_Fresnel_DS.uexp" 575
"../../../Engine/Plugins/Interchange/Runtime/Content/Functions/MX_Transmission.uasset" 576
"../../../Engine/Plugins/Interchange/Runtime/Content/Functions/MX_Transmission.uexp" 577
"../../../Engine/Plugins/Interchange/Runtime/Content/Functions/MF_OrenNayerView.uasset" 578
"../../../Engine/Plugins/Interchange/Runtime/Content/Functions/MF_OrenNayerView.uexp" 579
"../../../Engine/Plugins/Interchange/Runtime/Content/Functions/MF_SchlickApprox.uasset" 580
"../../../Engine/Plugins/Interchange/Runtime/Content/Functions/MF_SchlickApprox.uexp" 581
"../../../Engine/Plugins/Interchange/Runtime/Content/Utilities/New_LUT.uasset" 582
"../../../Engine/Plugins/Interchange/Runtime/Content/Utilities/New_LUT.uexp" 583
"../../../Engine/Content/Functions/Engine_MaterialFunctions03/Math/RemapValueRange.uasset" 584
"../../../Engine/Content/Functions/Engine_MaterialFunctions03/Math/RemapValueRange.uexp" 585
"../../../Engine/Plugins/Interchange/Runtime/Content/Functions/MF_Iridescence.uasset" 586
"../../../Engine/Plugins/Interchange/Runtime/Content/Functions/MF_Iridescence.uexp" 587
"../../../Engine/Plugins/Interchange/Runtime/Content/Functions/MX_StandardSurface.uasset" 588
"../../../Engine/Plugins/Interchange/Runtime/Content/Functions/MX_StandardSurface.uexp" 589
"../../../Engine/Plugins/Interchange/Runtime/Content/Functions/MX_TransmissionSurface.uasset" 590
"../../../Engine/Plugins/Interchange/Runtime/Content/Functions/MX_TransmissionSurface.uexp" 591
"../../../Engine/Content/Functions/Engine_MaterialFunctions02/Math/AddComponents.uasset" 592
"../../../Engine/Content/Functions/Engine_MaterialFunctions02/Math/AddComponents.uexp" 593
"../../../Engine/Content/Functions/Engine_MaterialFunctions02/WorldPositionOffset/V2/ObjectScale.uasset" 594
"../../../Engine/Content/Functions/Engine_MaterialFunctions02/WorldPositionOffset/V2/ObjectScale.uexp" 595
"../../../Engine/Plugins/Interchange/Runtime/Content/gltf/MaterialFunctions/MF_TransmissionOpacity.uasset" 596
"../../../Engine/Plugins/Interchange/Runtime/Content/gltf/MaterialFunctions/MF_TransmissionOpacity.uexp" 597
"../../../Engine/Plugins/Interchange/Runtime/Content/gltf/MaterialFunctions/MF_RotateV2.uasset" 598
"../../../Engine/Plugins/Interchange/Runtime/Content/gltf/MaterialFunctions/MF_RotateV2.uexp" 599
"../../../Engine/Plugins/Interchange/Runtime/Content/gltf/MaterialFunctions/MF_TransformUVs.uasset" 600
"../../../Engine/Plugins/Interchange/Runtime/Content/gltf/MaterialFunctions/MF_TransformUVs.uexp" 601
"../../../Engine/Plugins/Interchange/Runtime/Content/gltf/Textures/T_White_srgb.uasset" 602
"../../../Engine/Plugins/Interchange/Runtime/Content/gltf/Textures/T_White_srgb.uexp" 603
"../../../Engine/Plugins/Interchange/Runtime/Content/gltf/MaterialFunctions/MF_BaseColor.uasset" 604
"../../../Engine/Plugins/Interchange/Runtime/Content/gltf/MaterialFunctions/MF_BaseColor.uexp" 605
"../../../Engine/Plugins/Interchange/Runtime/Content/gltf/MaterialFunctions/MF_DiffuseSpecGloss.uasset" 606
"../../../Engine/Plugins/Interchange/Runtime/Content/gltf/MaterialFunctions/MF_DiffuseSpecGloss.uexp" 607
"../../../Engine/Plugins/Interchange/Runtime/Content/gltf/Textures/T_White_Linear.uasset" 608
"../../../Engine/Plugins/Interchange/Runtime/Content/gltf/Textures/T_White_Linear.uexp" 609
"../../../Engine/Plugins/Interchange/Runtime/Content/gltf/MaterialFunctions/MF_MetallicRoughness.uasset" 610
"../../../Engine/Plugins/Interchange/Runtime/Content/gltf/MaterialFunctions/MF_MetallicRoughness.uexp" 611
"../../../Engine/Plugins/Interchange/Runtime/Content/gltf/MaterialFunctions/MF_Transmission.uasset" 612
"../../../Engine/Plugins/Interchange/Runtime/Content/gltf/MaterialFunctions/MF_Transmission.uexp" 613
"../../../Engine/Plugins/Interchange/Runtime/Content/gltf/MaterialFunctions/MF_Occlusion.uasset" 614
"../../../Engine/Plugins/Interchange/Runtime/Content/gltf/MaterialFunctions/MF_Occlusion.uexp" 615
"../../../Engine/Plugins/Interchange/Runtime/Content/gltf/MaterialFunctions/MF_Specular.uasset" 616
"../../../Engine/Plugins/Interchange/Runtime/Content/gltf/MaterialFunctions/MF_Specular.uexp" 617
"../../../Engine/Plugins/Interchange/Runtime/Content/gltf/MaterialFunctions/MF_IOR.uasset" 618
"../../../Engine/Plugins/Interchange/Runtime/Content/gltf/MaterialFunctions/MF_IOR.uexp" 619
"../../../Engine/Content/Functions/Engine_MaterialFunctions01/Texturing/FlattenNormal.uasset" 620
"../../../Engine/Content/Functions/Engine_MaterialFunctions01/Texturing/FlattenNormal.uexp" 621
"../../../Engine/Content/Functions/Engine_MaterialFunctions02/Math/Transform3x3Matrix.uasset" 622
"../../../Engine/Content/Functions/Engine_MaterialFunctions02/Math/Transform3x3Matrix.uexp" 623
"../../../Engine/Plugins/Interchange/Runtime/Content/gltf/MaterialFunctions/MF_RotateNormals_TS.uasset" 624
"../../../Engine/Plugins/Interchange/Runtime/Content/gltf/MaterialFunctions/MF_RotateNormals_TS.uexp" 625
"../../../Engine/Plugins/Interchange/Runtime/Content/gltf/Textures/T_Generic_N.uasset" 626
"../../../Engine/Plugins/Interchange/Runtime/Content/gltf/Textures/T_Generic_N.uexp" 627
"../../../Engine/Plugins/Interchange/Runtime/Content/gltf/MaterialFunctions/MF_Normals.uasset" 628
"../../../Engine/Plugins/Interchange/Runtime/Content/gltf/MaterialFunctions/MF_Normals.uexp" 629
"../../../Engine/Plugins/Interchange/Runtime/Content/gltf/MaterialFunctions/MF_PerceivedBrightness.uasset" 630
"../../../Engine/Plugins/Interchange/Runtime/Content/gltf/MaterialFunctions/MF_PerceivedBrightness.uexp" 631
"../../../Engine/Plugins/Interchange/Runtime/Content/gltf/MaterialFunctions/MF_SpecGlossToMetalRoughness.uasset" 632
"../../../Engine/Plugins/Interchange/Runtime/Content/gltf/MaterialFunctions/MF_SpecGlossToMetalRoughness.uexp" 633
"../../../Engine/Plugins/Interchange/Runtime/Content/gltf/M_Transmission.uasset" 634
"../../../Engine/Plugins/Interchange/Runtime/Content/gltf/M_Transmission.uexp" 635
"../../../Engine/Plugins/Interchange/Runtime/Content/gltf/MaterialInstances_MR/MI_Transmission_TS.uasset" 636
"../../../Engine/Plugins/Interchange/Runtime/Content/gltf/MaterialInstances_MR/MI_Transmission_TS.uexp" 637
"../../../Engine/Plugins/Interchange/Runtime/Content/gltf/MaterialInstances_MR/MI_Transmission.uasset" 638
"../../../Engine/Plugins/Interchange/Runtime/Content/gltf/MaterialInstances_MR/MI_Transmission.uexp" 639
"../../../Engine/Plugins/Interchange/Runtime/Content/gltf/MaterialFunctions/MF_Clearcoat.uasset" 640
"../../../Engine/Plugins/Interchange/Runtime/Content/gltf/MaterialFunctions/MF_Clearcoat.uexp" 641
"../../../Engine/Plugins/Interchange/Runtime/Content/gltf/MaterialFunctions/MF_Emissive.uasset" 642
"../../../Engine/Plugins/Interchange/Runtime/Content/gltf/MaterialFunctions/MF_Emissive.uexp" 643
"../../../Engine/Plugins/Interchange/Runtime/Content/gltf/M_Translucent.uasset" 644
"../../../Engine/Plugins/Interchange/Runtime/Content/gltf/M_Translucent.uexp" 645
"../../../Engine/Plugins/Interchange/Runtime/Content/gltf/MaterialInstances_MR/MI_Translucent_TS.uasset" 646
"../../../Engine/Plugins/Interchange/Runtime/Content/gltf/MaterialInstances_MR/MI_Translucent_TS.uexp" 647
"../../../Engine/Plugins/Interchange/Runtime/Content/gltf/MaterialInstances_MR/MI_Translucent_ClearCoat_TS.uasset" 648
"../../../Engine/Plugins/Interchange/Runtime/Content/gltf/MaterialInstances_MR/MI_Translucent_ClearCoat_TS.uexp" 649
"../../../Engine/Plugins/Interchange/Runtime/Content/gltf/MaterialInstances_MR/MI_Translucent_ClearCoat.uasset" 650
"../../../Engine/Plugins/Interchange/Runtime/Content/gltf/MaterialInstances_MR/MI_Translucent_ClearCoat.uexp" 651
"../../../Engine/Plugins/Interchange/Runtime/Content/gltf/MaterialInstances_MR/MI_Translucent.uasset" 652
"../../../Engine/Plugins/Interchange/Runtime/Content/gltf/MaterialInstances_MR/MI_Translucent.uexp" 653
"../../../Engine/Plugins/Interchange/Runtime/Content/gltf/M_Unlit.uasset" 654
"../../../Engine/Plugins/Interchange/Runtime/Content/gltf/M_Unlit.uexp" 655
"../../../Engine/Plugins/Interchange/Runtime/Content/gltf/MaterialInstances_MR/MI_Opaque_Unlit_TS.uasset" 656
"../../../Engine/Plugins/Interchange/Runtime/Content/gltf/MaterialInstances_MR/MI_Opaque_Unlit_TS.uexp" 657
"../../../Engine/Plugins/Interchange/Runtime/Content/gltf/MaterialInstances_MR/MI_Opaque_Unlit.uasset" 658
"../../../Engine/Plugins/Interchange/Runtime/Content/gltf/MaterialInstances_MR/MI_Opaque_Unlit.uexp" 659
"../../../Engine/Plugins/Interchange/Runtime/Content/gltf/M_Opaque.uasset" 660
"../../../Engine/Plugins/Interchange/Runtime/Content/gltf/M_Opaque.uexp" 661
"../../../Engine/Plugins/Interchange/Runtime/Content/gltf/MaterialInstances_MR/MI_Opaque_TS.uasset" 662
"../../../Engine/Plugins/Interchange/Runtime/Content/gltf/MaterialInstances_MR/MI_Opaque_TS.uexp" 663
"../../../Engine/Plugins/Interchange/Runtime/Content/gltf/MaterialFunctions/MF_Sheen.uasset" 664
"../../../Engine/Plugins/Interchange/Runtime/Content/gltf/MaterialFunctions/MF_Sheen.uexp" 665
"../../../Engine/Content/Functions/Engine_MaterialFunctions01/Shading/FuzzyShading.uasset" 666
"../../../Engine/Content/Functions/Engine_MaterialFunctions01/Shading/FuzzyShading.uexp" 667
"../../../Engine/Plugins/Interchange/Runtime/Content/gltf/M_Sheen.uasset" 668
"../../../Engine/Plugins/Interchange/Runtime/Content/gltf/M_Sheen.uexp" 669
"../../../Engine/Plugins/Interchange/Runtime/Content/gltf/MaterialInstances_MR/MI_Opaque_Sheen_TS.uasset" 670
"../../../Engine/Plugins/Interchange/Runtime/Content/gltf/MaterialInstances_MR/MI_Opaque_Sheen_TS.uexp" 671
"../../../Engine/Plugins/Interchange/Runtime/Content/gltf/MaterialInstances_MR/MI_Opaque_Sheen.uasset" 672
"../../../Engine/Plugins/Interchange/Runtime/Content/gltf/MaterialInstances_MR/MI_Opaque_Sheen.uexp" 673
"../../../Engine/Plugins/Interchange/Runtime/Content/gltf/MaterialInstances_MR/MI_Opaque_ClearCoat_TS.uasset" 674
"../../../Engine/Plugins/Interchange/Runtime/Content/gltf/MaterialInstances_MR/MI_Opaque_ClearCoat_TS.uexp" 675
"../../../Engine/Plugins/Interchange/Runtime/Content/gltf/MaterialInstances_MR/MI_Opaque_ClearCoat.uasset" 676
"../../../Engine/Plugins/Interchange/Runtime/Content/gltf/MaterialInstances_MR/MI_Opaque_ClearCoat.uexp" 677
"../../../Engine/Plugins/Interchange/Runtime/Content/gltf/MaterialInstances_MR/MI_Opaque.uasset" 678
"../../../Engine/Plugins/Interchange/Runtime/Content/gltf/MaterialInstances_MR/MI_Opaque.uexp" 679
"../../../Engine/Plugins/Interchange/Runtime/Content/gltf/MaterialInstances_SG/MI_Transmission_TS.uasset" 680
"../../../Engine/Plugins/Interchange/Runtime/Content/gltf/MaterialInstances_SG/MI_Transmission_TS.uexp" 681
"../../../Engine/Plugins/Interchange/Runtime/Content/gltf/MaterialInstances_SG/MI_Transmission.uasset" 682
"../../../Engine/Plugins/Interchange/Runtime/Content/gltf/MaterialInstances_SG/MI_Transmission.uexp" 683
"../../../Engine/Plugins/Interchange/Runtime/Content/gltf/MaterialInstances_SG/MI_Translucent_TS.uasset" 684
"../../../Engine/Plugins/Interchange/Runtime/Content/gltf/MaterialInstances_SG/MI_Translucent_TS.uexp" 685
"../../../Engine/Plugins/Interchange/Runtime/Content/gltf/MaterialInstances_SG/MI_Translucent_ClearCoat_TS.uasset" 686
"../../../Engine/Plugins/Interchange/Runtime/Content/gltf/MaterialInstances_SG/MI_Translucent_ClearCoat_TS.uexp" 687
"../../../Engine/Plugins/Interchange/Runtime/Content/gltf/MaterialInstances_SG/MI_Translucent_ClearCoat.uasset" 688
"../../../Engine/Plugins/Interchange/Runtime/Content/gltf/MaterialInstances_SG/MI_Translucent_ClearCoat.uexp" 689
"../../../Engine/Plugins/Interchange/Runtime/Content/gltf/MaterialInstances_SG/MI_Translucent.uasset" 690
"../../../Engine/Plugins/Interchange/Runtime/Content/gltf/MaterialInstances_SG/MI_Translucent.uexp" 691
"../../../Engine/Plugins/Interchange/Runtime/Content/gltf/MaterialInstances_SG/MI_Opaque_TS.uasset" 692
"../../../Engine/Plugins/Interchange/Runtime/Content/gltf/MaterialInstances_SG/MI_Opaque_TS.uexp" 693
"../../../Engine/Plugins/Interchange/Runtime/Content/gltf/MaterialInstances_SG/MI_Opaque_Sheen_TS.uasset" 694
"../../../Engine/Plugins/Interchange/Runtime/Content/gltf/MaterialInstances_SG/MI_Opaque_Sheen_TS.uexp" 695
"../../../Engine/Plugins/Interchange/Runtime/Content/gltf/MaterialInstances_SG/MI_Opaque_Sheen.uasset" 696
"../../../Engine/Plugins/Interchange/Runtime/Content/gltf/MaterialInstances_SG/MI_Opaque_Sheen.uexp" 697
"../../../Engine/Plugins/Interchange/Runtime/Content/gltf/MaterialInstances_SG/MI_Opaque_ClearCoat_TS.uasset" 698
"../../../Engine/Plugins/Interchange/Runtime/Content/gltf/MaterialInstances_SG/MI_Opaque_ClearCoat_TS.uexp" 699
"../../../Engine/Plugins/Interchange/Runtime/Content/gltf/MaterialInstances_SG/MI_Opaque_ClearCoat.uasset" 700
"../../../Engine/Plugins/Interchange/Runtime/Content/gltf/MaterialInstances_SG/MI_Opaque_ClearCoat.uexp" 701
"../../../Engine/Plugins/Interchange/Runtime/Content/gltf/MaterialInstances_SG/MI_Opaque.uasset" 702
"../../../Engine/Plugins/Interchange/Runtime/Content/gltf/MaterialInstances_SG/MI_Opaque.uexp" 703
"../../../Engine/Plugins/Interchange/Runtime/Content/gltf/Textures/T_Gray_Linear.uasset" 704
"../../../Engine/Plugins/Interchange/Runtime/Content/gltf/Textures/T_Gray_Linear.uexp" 705
"../../../Engine/Plugins/Interchange/Runtime/Content/gltf/Textures/T_Black_srgb.uasset" 706
"../../../Engine/Plugins/Interchange/Runtime/Content/gltf/Textures/T_Black_srgb.uexp" 707
"../../../Engine/Plugins/Interchange/Runtime/Content/Materials/UnlitMaterial.uasset" 708
"../../../Engine/Plugins/Interchange/Runtime/Content/Materials/UnlitMaterial.uexp" 709
"../../../Engine/Content/EngineMaterials/DefaultNormal.ubulk" 710
"../../../Engine/Content/EngineMaterials/DefaultNormal.uasset" 711
"../../../Engine/Content/EngineMaterials/DefaultNormal.uexp" 712
"../../../Engine/Plugins/Interchange/Runtime/Content/Materials/MapOrScalarFunction.uasset" 713
"../../../Engine/Plugins/Interchange/Runtime/Content/Materials/MapOrScalarFunction.uexp" 714
"../../../Engine/Plugins/Interchange/Runtime/Content/Materials/MapOrLinearColorFunction.uasset" 715
"../../../Engine/Plugins/Interchange/Runtime/Content/Materials/MapOrLinearColorFunction.uexp" 716
"../../../Engine/Plugins/Interchange/Runtime/Content/Materials/MapOrColorFunction.uasset" 717
"../../../Engine/Plugins/Interchange/Runtime/Content/Materials/MapOrColorFunction.uexp" 718
"../../../Engine/Plugins/Interchange/Runtime/Content/Materials/CommonMaterial.uasset" 719
"../../../Engine/Plugins/Interchange/Runtime/Content/Materials/CommonMaterial.uexp" 720
"../../../Engine/Plugins/Interchange/Runtime/Content/Materials/PBRSurfaceFunction.uasset" 721
"../../../Engine/Plugins/Interchange/Runtime/Content/Materials/PBRSurfaceFunction.uexp" 722
"../../../Engine/Plugins/Interchange/Runtime/Content/Materials/ThinTranslucentMaterial.uasset" 723
"../../../Engine/Plugins/Interchange/Runtime/Content/Materials/ThinTranslucentMaterial.uexp" 724
"../../../Engine/Plugins/Interchange/Runtime/Content/Materials/SubsurfaceMaterial.uasset" 725
"../../../Engine/Plugins/Interchange/Runtime/Content/Materials/SubsurfaceMaterial.uexp" 726
"../../../Engine/Plugins/Interchange/Runtime/Content/Materials/SheenMaterial.uasset" 727
"../../../Engine/Plugins/Interchange/Runtime/Content/Materials/SheenMaterial.uexp" 728
"../../../Engine/Content/Functions/Engine_MaterialFunctions01/Shading/ConvertFromDiffSpec.uasset" 729
"../../../Engine/Content/Functions/Engine_MaterialFunctions01/Shading/ConvertFromDiffSpec.uexp" 730
"../../../Engine/Plugins/Interchange/Runtime/Content/Materials/PhongSurfaceMaterial.uasset" 731
"../../../Engine/Plugins/Interchange/Runtime/Content/Materials/PhongSurfaceMaterial.uexp" 732
"../../../Engine/Plugins/Interchange/Runtime/Content/Materials/PBRSurfaceMaterial.uasset" 733
"../../../Engine/Plugins/Interchange/Runtime/Content/Materials/PBRSurfaceMaterial.uexp" 734
"../../../Engine/Content/EngineMaterials/FlatNormal.uasset" 735
"../../../Engine/Content/EngineMaterials/FlatNormal.uexp" 736
"../../../Engine/Content/EditorLandscapeResources/WhiteSquareTexture.uasset" 737
"../../../Engine/Content/EditorLandscapeResources/WhiteSquareTexture.uexp" 738
"../../../Engine/Plugins/Interchange/Runtime/Content/Materials/OrenNayerMaterial.uasset" 739
"../../../Engine/Plugins/Interchange/Runtime/Content/Materials/OrenNayerMaterial.uexp" 740
"../../../Engine/Plugins/Interchange/Runtime/Content/Materials/LambertSurfaceMaterial.uasset" 741
"../../../Engine/Plugins/Interchange/Runtime/Content/Materials/LambertSurfaceMaterial.uexp" 742
"../../../Engine/Plugins/Interchange/Runtime/Content/Materials/ClearCoatMaterial.uasset" 743
"../../../Engine/Plugins/Interchange/Runtime/Content/Materials/ClearCoatMaterial.uexp" 744
"../../../Engine/Plugins/Interchange/Runtime/Content/Pipelines/DefaultTexturePipeline.uasset" 745
"../../../Engine/Plugins/Interchange/Runtime/Content/Pipelines/DefaultTexturePipeline.uexp" 746
"../../../Engine/Plugins/Interchange/Runtime/Content/Pipelines/DefaultSceneLevelPipeline.uasset" 747
"../../../Engine/Plugins/Interchange/Runtime/Content/Pipelines/DefaultSceneLevelPipeline.uexp" 748
"../../../Engine/Plugins/Interchange/Runtime/Content/Pipelines/DefaultSceneAssetsPipeline.uasset" 749
"../../../Engine/Plugins/Interchange/Runtime/Content/Pipelines/DefaultSceneAssetsPipeline.uexp" 750
"../../../Engine/Plugins/Interchange/Runtime/Content/Pipelines/DefaultMaterialPipeline.uasset" 751
"../../../Engine/Plugins/Interchange/Runtime/Content/Pipelines/DefaultMaterialPipeline.uexp" 752
"../../../Engine/Plugins/Interchange/Runtime/Content/Pipelines/DefaultAssetsPipeline.uasset" 753
"../../../Engine/Plugins/Interchange/Runtime/Content/Pipelines/DefaultAssetsPipeline.uexp" 754
"../../../Engine/Plugins/Runtime/MeshModelingToolset/Content/Materials/M_DynamicMeshComponentVtxColor.uasset" 755
"../../../Engine/Plugins/Runtime/MeshModelingToolset/Content/Materials/M_DynamicMeshComponentVtxColor.uexp" 756
"../../../Engine/Content/Maps/Entry_BuiltData.uasset" 757
"../../../Engine/Content/Maps/Entry_BuiltData.uexp" 758
"../../../Engine/Content/Maps/Entry.uexp" 759
"../../../Engine/Content/Maps/Entry.umap" 760
"../../../Engine/Content/BasicShapes/Cube.ubulk" 761
"../../../Engine/Content/BasicShapes/Cube.uasset" 762
"../../../Engine/Content/BasicShapes/Cube.uexp" 763
"C:/Users/pucil/Desktop/Escape/Escape/Content/Main_BuiltData.ubulk" 764
"C:/Users/pucil/Desktop/Escape/Escape/Content/Main_BuiltData.uasset" 765
"C:/Users/pucil/Desktop/Escape/Escape/Content/Main_BuiltData.uexp" 766
"C:/Users/pucil/Desktop/Escape/Escape/Content/Blueprints/Rooms/BP_Room.uasset" 767
"C:/Users/pucil/Desktop/Escape/Escape/Content/Blueprints/Rooms/BP_Room.uexp" 768
"C:/Users/pucil/Desktop/Escape/Escape/Content/Blueprints/GrappleDragSpeedCurve.uasset" 769
"C:/Users/pucil/Desktop/Escape/Escape/Content/Blueprints/GrappleDragSpeedCurve.uexp" 770
"C:/Users/pucil/Desktop/Escape/Escape/Content/Materials/dash-placeholder.uasset" 771
"C:/Users/pucil/Desktop/Escape/Escape/Content/Materials/dash-placeholder.uexp" 772
"C:/Users/pucil/Desktop/Escape/Escape/Content/Materials/M_Scan_Icon.uasset" 773
"C:/Users/pucil/Desktop/Escape/Escape/Content/Materials/M_Scan_Icon.uexp" 774
"C:/Users/pucil/Desktop/Escape/Escape/Content/Blueprints/Widgets/W_HUDBP.uasset" 775
"C:/Users/pucil/Desktop/Escape/Escape/Content/Blueprints/Widgets/W_HUDBP.uexp" 776
"C:/Users/pucil/Desktop/Escape/Escape/Content/Blueprints/Widgets/W_FloorFinished.uasset" 777
"C:/Users/pucil/Desktop/Escape/Escape/Content/Blueprints/Widgets/W_FloorFinished.uexp" 778
"C:/Users/pucil/Desktop/Escape/Escape/Content/Blueprints/Widgets/W_GameWidget.uasset" 779
"C:/Users/pucil/Desktop/Escape/Escape/Content/Blueprints/Widgets/W_GameWidget.uexp" 780
"C:/Users/pucil/Desktop/Escape/Escape/Content/Blueprints/Widgets/W_GameOver.uasset" 781
"C:/Users/pucil/Desktop/Escape/Escape/Content/Blueprints/Widgets/W_GameOver.uexp" 782
"C:/Users/pucil/Desktop/Escape/Escape/Content/Blueprints/Widgets/W_PauseMenu.uasset" 783
"C:/Users/pucil/Desktop/Escape/Escape/Content/Blueprints/Widgets/W_PauseMenu.uexp" 784
"C:/Users/pucil/Desktop/Escape/Escape/Content/Blueprints/BP_PlayerController.uasset" 785
"C:/Users/pucil/Desktop/Escape/Escape/Content/Blueprints/BP_PlayerController.uexp" 786
"C:/Users/pucil/Desktop/Escape/Escape/Content/Blueprints/Widgets/W_MainMenu.uasset" 787
"C:/Users/pucil/Desktop/Escape/Escape/Content/Blueprints/Widgets/W_MainMenu.uexp" 788
"C:/Users/pucil/Desktop/Escape/Escape/Content/Blueprints/CameraTiltCurve.uasset" 789
"C:/Users/pucil/Desktop/Escape/Escape/Content/Blueprints/CameraTiltCurve.uexp" 790
"C:/Users/pucil/Desktop/Escape/Escape/Content/Blueprints/SlideSpeedCurve.uasset" 791
"C:/Users/pucil/Desktop/Escape/Escape/Content/Blueprints/SlideSpeedCurve.uexp" 792
"C:/Users/pucil/Desktop/Escape/Escape/Content/Materials/M_Cable.uasset" 793
"C:/Users/pucil/Desktop/Escape/Escape/Content/Materials/M_Cable.uexp" 794
"C:/Users/pucil/Desktop/Escape/Escape/Content/Blueprints/Interactive/BP_GrappleLine.uasset" 795
"C:/Users/pucil/Desktop/Escape/Escape/Content/Blueprints/Interactive/BP_GrappleLine.uexp" 796
"C:/Users/pucil/Desktop/Escape/Escape/Content/Blueprints/BP_Player.uasset" 797
"C:/Users/pucil/Desktop/Escape/Escape/Content/Blueprints/BP_Player.uexp" 798
"../../../Engine/Content/BasicShapes/BasicShapeMaterial.uasset" 799
"../../../Engine/Content/BasicShapes/BasicShapeMaterial.uexp" 800
"../../../Engine/Content/EditorBlueprintResources/StandardMacros.uasset" 801
"../../../Engine/Content/EditorBlueprintResources/StandardMacros.uexp" 802
"C:/Users/pucil/Desktop/Escape/Escape/Content/Blueprints/Rooms/BP_FinalRoom.uasset" 803
"C:/Users/pucil/Desktop/Escape/Escape/Content/Blueprints/Rooms/BP_FinalRoom.uexp" 804
"C:/Users/pucil/Desktop/Escape/Escape/Content/Materials/M_Basic_Wall.uasset" 805
"C:/Users/pucil/Desktop/Escape/Escape/Content/Materials/M_Basic_Wall.uexp" 806
"C:/Users/pucil/Desktop/Escape/Escape/Content/Materials/M_Basic_Wall_Blue_Inst.uasset" 807
"C:/Users/pucil/Desktop/Escape/Escape/Content/Materials/M_Basic_Wall_Blue_Inst.uexp" 808
"C:/Users/pucil/Desktop/Escape/Escape/Content/Blueprints/Interactive/BP_GrappleTarget.uasset" 809
"C:/Users/pucil/Desktop/Escape/Escape/Content/Blueprints/Interactive/BP_GrappleTarget.uexp" 810
"C:/Users/pucil/Desktop/Escape/Escape/Content/Blueprints/Interactive/BP_GrappleSpawner.uasset" 811
"C:/Users/pucil/Desktop/Escape/Escape/Content/Blueprints/Interactive/BP_GrappleSpawner.uexp" 812
"C:/Users/pucil/Desktop/Escape/Escape/Content/Materials/M_Basic_Wall_Green_Inst.uasset" 813
"C:/Users/pucil/Desktop/Escape/Escape/Content/Materials/M_Basic_Wall_Green_Inst.uexp" 814
"C:/Users/pucil/Desktop/Escape/Escape/Content/Materials/M_Basic_Wall_Red_Inst.uasset" 815
"C:/Users/pucil/Desktop/Escape/Escape/Content/Materials/M_Basic_Wall_Red_Inst.uexp" 816
"C:/Users/pucil/Desktop/Escape/Escape/Content/Blueprints/Rooms/BP_GrappleIntoWallLeft.uasset" 817
"C:/Users/pucil/Desktop/Escape/Escape/Content/Blueprints/Rooms/BP_GrappleIntoWallLeft.uexp" 818
"C:/Users/pucil/Desktop/Escape/Escape/Content/Blueprints/Rooms/BP_SlideDownIntoSlideIntoWallRunIntoJumpPad.uasset" 819
"C:/Users/pucil/Desktop/Escape/Escape/Content/Blueprints/Rooms/BP_SlideDownIntoSlideIntoWallRunIntoJumpPad.uexp" 820
"C:/Users/pucil/Desktop/Escape/Escape/Content/Blueprints/Rooms/BP_OppositeRampGrappleIntoWallRun.uasset" 821
"C:/Users/pucil/Desktop/Escape/Escape/Content/Blueprints/Rooms/BP_OppositeRampGrappleIntoWallRun.uexp" 822
"C:/Users/pucil/Desktop/Escape/Escape/Content/Blueprints/Rooms/BP_LongWallRun.uasset" 823
"C:/Users/pucil/Desktop/Escape/Escape/Content/Blueprints/Rooms/BP_LongWallRun.uexp" 824
"C:/Users/pucil/Desktop/Escape/Escape/Content/Materials/M_Basic_Wall_Yellow_Inst.uasset" 825
"C:/Users/pucil/Desktop/Escape/Escape/Content/Materials/M_Basic_Wall_Yellow_Inst.uexp" 826
"C:/Users/pucil/Desktop/Escape/Escape/Content/Blueprints/Rooms/BP_SlideIntoJumpPad.uasset" 827
"C:/Users/pucil/Desktop/Escape/Escape/Content/Blueprints/Rooms/BP_SlideIntoJumpPad.uexp" 828
"C:/Users/pucil/Desktop/Escape/Escape/Content/Blueprints/Rooms/BP_WallRunRightIntoJumpPad.uasset" 829
"C:/Users/pucil/Desktop/Escape/Escape/Content/Blueprints/Rooms/BP_WallRunRightIntoJumpPad.uexp" 830
"C:/Users/pucil/Desktop/Escape/Escape/Content/Blueprints/BP_GameMode.uasset" 831
"C:/Users/pucil/Desktop/Escape/Escape/Content/Blueprints/BP_GameMode.uexp" 832
"C:/Users/pucil/Desktop/Escape/Escape/Content/Blueprints/BP_StartTrigger.uasset" 833
"C:/Users/pucil/Desktop/Escape/Escape/Content/Blueprints/BP_StartTrigger.uexp" 834
"C:/Users/pucil/Desktop/Escape/Escape/Content/Blueprints/Interactive/BP_WallToRunOn.uasset" 835
"C:/Users/pucil/Desktop/Escape/Escape/Content/Blueprints/Interactive/BP_WallToRunOn.uexp" 836
"C:/Users/pucil/Desktop/Escape/Escape/Content/Blueprints/BP_PassedTutorial.uasset" 837
"C:/Users/pucil/Desktop/Escape/Escape/Content/Blueprints/BP_PassedTutorial.uexp" 838
"C:/Users/pucil/Desktop/Escape/Escape/Content/Blueprints/Interactive/BP_KillBox.uasset" 839
"C:/Users/pucil/Desktop/Escape/Escape/Content/Blueprints/Interactive/BP_KillBox.uexp" 840
"C:/Users/pucil/Desktop/Escape/Escape/Content/Materials/M_Basic_Wall_Grey_Inst.uasset" 841
"C:/Users/pucil/Desktop/Escape/Escape/Content/Materials/M_Basic_Wall_Grey_Inst.uexp" 842
"C:/Users/pucil/Desktop/Escape/Escape/Content/Blueprints/Interactive/BP_Ladder.uasset" 843
"C:/Users/pucil/Desktop/Escape/Escape/Content/Blueprints/Interactive/BP_Ladder.uexp" 844
"C:/Users/pucil/Desktop/Escape/Escape/Content/Blueprints/Interactive/BP_JumpPad.uasset" 845
"C:/Users/pucil/Desktop/Escape/Escape/Content/Blueprints/Interactive/BP_JumpPad.uexp" 846
"C:/Users/pucil/Desktop/Escape/Escape/Content/Blueprints/BP_RegularStart.uasset" 847
"C:/Users/pucil/Desktop/Escape/Escape/Content/Blueprints/BP_RegularStart.uexp" 848
"C:/Users/pucil/Desktop/Escape/Escape/Content/Main.uexp" 849
"C:/Users/pucil/Desktop/Escape/Escape/Content/Main.umap" 850
